<?xml version="1.0" encoding="UTF-8"?>
<testsuite name="com.auspost.runners.FeatureSlicedRunner2" tests="0" skipped="0" failures="0" errors="0" timestamp="1970-01-01T00:00:00" hostname="TAKAMAKI" time="0.0">
  <properties/>
  <system-out><![CDATA[?[1;34m[INFO][2020-10-20 21:20:34] ?[96m

-------------------------------------------------------------------------------------
     _______. _______ .______       _______ .__   __.  __  .___________.____    ____ 
    /       ||   ____||   _  \     |   ____||  \ |  | |  | |           |\   \  /   / 
   |   (----`|  |__   |  |_)  |    |  |__   |   \|  | |  | `---|  |----` \   \/   /  
    \   \    |   __|  |      /     |   __|  |  . `  | |  |     |  |       \_    _/   
.----)   |   |  |____ |  |\  \----.|  |____ |  |\   | |  |     |  |         |  |     
|_______/    |_______|| _| `._____||_______||__| \__| |__|     |__|         |__|    
                                                                                     
 News and tutorials at http://www.serenity-bdd.info                                  
 Documentation at https://wakaleo.gitbooks.io/the-serenity-book/content/             
 Join the Serenity Community on Rocket Chat at https://serenity-bdd.rocket.chat      
 Serenity BDD Support and Training at http://serenity-bdd.info/#/trainingandsupport  
 Learn Serenity BDD online at http://serenity-dojo.com                               
-------------------------------------------------------------------------------------
?[0m
?[m?[1m[DEBUG][2020-10-20 21:20:34] Test suite started for story net.thucydides.core.model.Story@7b2e5d25
?[m?[1;34m[INFO][2020-10-20 21:20:34] Test Suite Started: Create Electron test
?[m?[1m[DEBUG][2020-10-20 21:20:34] Test suite started for story net.thucydides.core.model.Story@ccf464de
?[m?[1;34m[INFO][2020-10-20 21:20:34] Test Suite Started: Create CTS Pattern
?[m?[1m[DEBUG][2020-10-20 21:20:34] Test suite started for story net.thucydides.core.model.Story@736452e7
?[m?[1;34m[INFO][2020-10-20 21:20:34] Test Suite Started: Create API Pattern
?[m?[1m[DEBUG][2020-10-20 21:20:34] Test suite started for story net.thucydides.core.model.Story@c904e51d
?[m?[1;34m[INFO][2020-10-20 21:20:34] Test Suite Started: Kay tests
?[m?[1;34m[INFO][2020-10-20 21:20:49] ?[92m
        __    _____ _____ ____ _____   ____   _    ____  ____  _____ ____  
  _     \ \  |_   _| ____/ ___|_   _| |  _ \ / \  / ___|/ ___|| ____|  _ \ 
 (_)_____| |   | | |  _| \___ \ | |   | |_) / _ \ \___ \\___ \|  _| | | | |
  _|_____| |   | | | |___ ___) || |   |  __/ ___ \ ___) |___) | |___| |_| |
 (_)     | |   |_| |_____|____/ |_|   |_| /_/   \_\____/|____/|_____|____/ 
        /_/                                                                

TEST PASSED: To verify DuckDuckGo
----------------------------------------------------------------------------?[0m
?[m?[1;34m[INFO][2020-10-20 21:21:01] ?[92m
        __    _____ _____ ____ _____   ____   _    ____  ____  _____ ____  
  _     \ \  |_   _| ____/ ___|_   _| |  _ \ / \  / ___|/ ___|| ____|  _ \ 
 (_)_____| |   | | |  _| \___ \ | |   | |_) / _ \ \___ \\___ \|  _| | | | |
  _|_____| |   | | | |___ ___) || |   |  __/ ___ \ ___) |___) | |___| |_| |
 (_)     | |   |_| |_____|____/ |_|   |_| /_/   \_\____/|____/|_____|____/ 
        /_/                                                                

TEST PASSED: Validate the XML Request for swapi people 3
----------------------------------------------------------------------------?[0m
?[m?[1;34m[INFO][2020-10-20 21:21:12] ?[92m
        __    _____ _____ ____ _____   ____   _    ____  ____  _____ ____  
  _     \ \  |_   _| ____/ ___|_   _| |  _ \ / \  / ___|/ ___|| ____|  _ \ 
 (_)_____| |   | | |  _| \___ \ | |   | |_) / _ \ \___ \\___ \|  _| | | | |
  _|_____| |   | | | |___ ___) || |   |  __/ ___ \ ___) |___) | |___| |_| |
 (_)     | |   |_| |_____|____/ |_|   |_| /_/   \_\____/|____/|_____|____/ 
        /_/                                                                

TEST PASSED: Validate the JSON Request for swapi planets 2
----------------------------------------------------------------------------?[0m
?[m]]></system-out>
  <system-err><![CDATA[Oct 20, 2020 9:20:34 PM cucumber.runtime.java.ObjectFactoryLoader loadSingleObjectFactory
WARNING: Loading deprecated ObjectFactory from runtime via reflection: cucumber.runtime.SerenityObjectFactory
]]></system-err>
</testsuite>
